<?xml version="1.0" encoding="UTF-8"?>
<!-- Generated by org.testng.reporters.JUnitReportReporter -->
<testsuite hostname="LAPTOP-MVBLOJCL" failures="0" tests="2" name="com.test.LoginTest" time="15.140" errors="0" timestamp="2024-12-08T14:52:02 GMT+03:00" skipped="0">
  <testcase classname="com.test.LoginTest" name="LoginDisplayed" time="9.018"/>
  <system-out/>
  <testcase classname="com.test.LoginTest" name="VerifyAlertMessage" time="6.122"/>
  <system-out/>
</testsuite> <!-- com.test.LoginTest -->
