<?xml version="1.0" encoding="UTF-8"?>
<!-- Generated by org.testng.reporters.JUnitReportReporter -->
<testsuite hostname="LAPTOP-MVBLOJCL" failures="0" tests="4" name="com.test.SwagLabTests" time="6.302" errors="0" timestamp="2024-12-03T13:10:18 GMT+03:00" skipped="0">
  <testcase classname="com.test.SwagLabTests" name="ProductHeading" time="5.011"/>
  <testcase classname="com.test.SwagLabTests" name="VerifySwagLabsHeading" time="0.875"/>
  <testcase classname="com.test.SwagLabTests" name="LoginDisplayed" time="0.070"/>
  <testcase classname="com.test.SwagLabTests" name="EmptyUsernamePassword" time="0.346"/>
</testsuite> <!-- com.test.SwagLabTests -->
