<?xml version="1.0" encoding="UTF-8"?>
<!-- Generated by org.testng.reporters.JUnitReportReporter -->
<testsuite hostname="LAPTOP-MVBLOJCL" failures="0" tests="2" name="com.test.HomeTest" time="19.671" errors="0" timestamp="2024-12-08T14:52:02 GMT+03:00" skipped="0">
  <testcase classname="com.test.HomeTest" name="VerifySwagLabHeading" time="10.044"/>
  <system-out/>
  <testcase classname="com.test.HomeTest" name="ProductHeadingTest" time="9.627"/>
  <system-out/>
</testsuite> <!-- com.test.HomeTest -->
