<?xml version="1.0" encoding="UTF-8"?>
<!-- Generated by org.testng.reporters.JUnitReportReporter -->
<testsuite hostname="LAPTOP-MVBLOJCL" failures="0" tests="4" name="com.test.SwagLabTests" time="6.875" errors="0" timestamp="2024-12-08T16:42:56 AST" skipped="0">
  <testcase classname="com.test.SwagLabTests" name="ProductHeading" time="5.895"/>
  <testcase classname="com.test.SwagLabTests" name="EmptyUsernamePassword" time="0.342"/>
  <testcase classname="com.test.SwagLabTests" name="VerifySwagLabsHeading" time="0.591"/>
  <testcase classname="com.test.SwagLabTests" name="LoginDisplayed" time="0.047"/>
</testsuite> <!-- com.test.SwagLabTests -->
