<?xml version="1.0" encoding="UTF-8"?>
<!-- Generated by org.testng.reporters.JUnitReportReporter -->
<testsuite hostname="LAPTOP-MVBLOJCL" failures="0" tests="2" name="com.test.LoginTest" time="26.285" errors="0" timestamp="2024-12-08T16:42:56 AST" skipped="0">
  <testcase classname="com.test.LoginTest" name="LoginDisplayed" time="13.102"/>
  <testcase classname="com.test.LoginTest" name="VerifyAlertMessage" time="13.183"/>
</testsuite> <!-- com.test.LoginTest -->
