<?xml version="1.0" encoding="UTF-8"?>
<!-- Generated by org.testng.reporters.JUnitReportReporter -->
<testsuite hostname="LAPTOP-MVBLOJCL" failures="0" tests="2" name="com.test.HomeTest" time="35.966" errors="0" timestamp="2024-12-08T16:42:56 AST" skipped="0">
  <testcase classname="com.test.HomeTest" name="VerifySwagLabHeading" time="14.611"/>
  <testcase classname="com.test.HomeTest" name="ProductHeadingTest" time="21.355"/>
</testsuite> <!-- com.test.HomeTest -->
